<?xml version="1.0" encoding="utf-8"?><testsuites name="pytest tests"><testsuite name="pytest" errors="0" failures="0" skipped="0" tests="17" time="11.681" timestamp="2026-03-03T12:41:49.424771+00:00" hostname="agent-env-c9dfa678-82a9-4e60-8dec-b9722422c71a"><testcase classname="backend.tests.test_routes_v3.TestAuthEndpoints" name="test_register_new_user" time="0.386" /><testcase classname="backend.tests.test_routes_v3.TestAuthEndpoints" name="test_login_with_test_user" time="0.285" /><testcase classname="backend.tests.test_routes_v3.TestSchoolsEndpoint" name="test_get_schools_returns_15" time="0.050" /><testcase classname="backend.tests.test_routes_v3.TestSchoolsEndpoint" name="test_school_data_structure" time="0.053" /><testcase classname="backend.tests.test_routes_v3.TestSchoolsEndpoint" name="test_school_01_exists" time="0.048" /><testcase classname="backend.tests.test_routes_v3.TestEnvironmentEndpoint" name="test_environment_status_returns_weather" time="0.495" /><testcase classname="backend.tests.test_routes_v3.TestEnvironmentEndpoint" name="test_environment_has_all_sections" time="0.313" /><testcase classname="backend.tests.test_routes_v3.TestRouteCalculateEndpoint" name="test_calculate_returns_routes" time="6.774" /><testcase classname="backend.tests.test_routes_v3.TestRouteCalculateEndpoint" name="test_routes_have_risk_details" time="2.475" /><testcase classname="backend.tests.test_routes_v3.TestRouteCalculateEndpoint" name="test_routes_have_traffic_level" time="0.056" /><testcase classname="backend.tests.test_routes_v3.TestRouteCalculateEndpoint" name="test_routes_have_detour_pct" time="0.072" /><testcase classname="backend.tests.test_routes_v3.TestRouteCalculateEndpoint" name="test_data_sources_includes_traffic" time="0.055" /><testcase classname="backend.tests.test_routes_v3.TestRouteCalculateEndpoint" name="test_safest_route_flagged" time="0.056" /><testcase classname="backend.tests.test_routes_v3.TestRouteAlternativesEndpoint" name="test_alternatives_endpoint_works" time="0.103" /><testcase classname="backend.tests.test_routes_v3.TestRouteAlternativesEndpoint" name="test_alternatives_have_new_fields" time="0.100" /><testcase classname="backend.tests.test_routes_v3.TestRouteSafestEndpoint" name="test_safest_endpoint_works" time="0.122" /><testcase classname="backend.tests.test_routes_v3.TestInvalidSchool" name="test_nonexistent_school_returns_404" time="0.068" /></testsuite></testsuites>